
Bad key text.latex.preview in file /software/python-anaconda-2020.11-el8-x86_64/lib/python3.8/site-packages/matplotlib/mpl-data/stylelib/_classic_test.mplstyle, line 123 ('text.latex.preview : False')
You probably need to get an updated matplotlibrc file from
https://github.com/matplotlib/matplotlib/blob/v3.6.0/matplotlibrc.template
or from the matplotlib source distribution

Bad key mathtext.fallback_to_cm in file /software/python-anaconda-2020.11-el8-x86_64/lib/python3.8/site-packages/matplotlib/mpl-data/stylelib/_classic_test.mplstyle, line 155 ('mathtext.fallback_to_cm : True  # When True, use symbols from the Computer Modern')
You probably need to get an updated matplotlibrc file from
https://github.com/matplotlib/matplotlib/blob/v3.6.0/matplotlibrc.template
or from the matplotlib source distribution

Bad key savefig.jpeg_quality in file /software/python-anaconda-2020.11-el8-x86_64/lib/python3.8/site-packages/matplotlib/mpl-data/stylelib/_classic_test.mplstyle, line 418 ('savefig.jpeg_quality: 95       # when a jpeg is saved, the default quality parameter.')
You probably need to get an updated matplotlibrc file from
https://github.com/matplotlib/matplotlib/blob/v3.6.0/matplotlibrc.template
or from the matplotlib source distribution

Bad key keymap.all_axes in file /software/python-anaconda-2020.11-el8-x86_64/lib/python3.8/site-packages/matplotlib/mpl-data/stylelib/_classic_test.mplstyle, line 466 ('keymap.all_axes : a                 # enable all axes')
You probably need to get an updated matplotlibrc file from
https://github.com/matplotlib/matplotlib/blob/v3.6.0/matplotlibrc.template
or from the matplotlib source distribution

Bad key animation.avconv_path in file /software/python-anaconda-2020.11-el8-x86_64/lib/python3.8/site-packages/matplotlib/mpl-data/stylelib/_classic_test.mplstyle, line 477 ('animation.avconv_path: avconv     # Path to avconv binary. Without full path')
You probably need to get an updated matplotlibrc file from
https://github.com/matplotlib/matplotlib/blob/v3.6.0/matplotlibrc.template
or from the matplotlib source distribution

Bad key animation.avconv_args in file /software/python-anaconda-2020.11-el8-x86_64/lib/python3.8/site-packages/matplotlib/mpl-data/stylelib/_classic_test.mplstyle, line 479 ('animation.avconv_args:            # Additional arguments to pass to avconv')
You probably need to get an updated matplotlibrc file from
https://github.com/matplotlib/matplotlib/blob/v3.6.0/matplotlibrc.template
or from the matplotlib source distribution
  Activating project at `~/proteins`
 Downloading artifact: CUDA_compat
UNHANDLED TASK ERROR: IOError: FDWatcher: bad file descriptor (EBADF)
Stacktrace:
 [1] try_yieldto(undo::typeof(Base.ensure_rescheduled))
   @ Base ./task.jl:812
 [2] wait()
   @ Base ./task.jl:872
 [3] wait(c::Base.GenericCondition{Base.Threads.SpinLock})
   @ Base ./condition.jl:123
 [4] wait(fdw::FileWatching._FDWatcher; readable::Bool, writable::Bool)
   @ FileWatching /software/julia-1.7.3-el8-x86_64/share/julia/stdlib/v1.7/FileWatching/src/FileWatching.jl:533
 [5] wait
   @ /software/julia-1.7.3-el8-x86_64/share/julia/stdlib/v1.7/FileWatching/src/FileWatching.jl:504 [inlined]
 [6] macro expansion
   @ /software/julia-1.7.3-el8-x86_64/share/julia/stdlib/v1.7/Downloads/src/Curl/Multi.jl:166 [inlined]
 [7] (::Downloads.Curl.var"#40#46"{Int32, FileWatching.FDWatcher, Downloads.Curl.Multi})()
   @ Downloads.Curl ./task.jl:429
 Downloading artifact: CUDA_compat
ERROR: LoadError: BoundsError: attempt to access 280×4 Matrix{Any} at index [832, 1:4]
Stacktrace:
 [1] throw_boundserror(A::Matrix{Any}, I::Tuple{Int64, Base.Slice{Base.OneTo{Int64}}})
   @ Base ./abstractarray.jl:691
 [2] checkbounds
   @ ./abstractarray.jl:656 [inlined]
 [3] _getindex
   @ ./multidimensional.jl:838 [inlined]
 [4] getindex(::Matrix{Any}, ::Int64, ::Function)
   @ Base ./abstractarray.jl:1218
 [5] top-level scope
   @ ~/proteins/newtoymodel/fit_allsamples_T0-4_q=5_L2/fit_pw_rbm_to_all_datasets_at_1temp_L2.jl:180
in expression starting at /home/pfields/proteins/newtoymodel/fit_allsamples_T0-4_q=5_L2/fit_pw_rbm_to_all_datasets_at_1temp_L2.jl:180
