  Activating project at `~/Desktop/proteins`
┌ Error: model L2_regh=1e2.0_P=50_L2_regW=1e1.0 not found.
└ @ Main ~/Desktop/proteins/newtoymodel/fit_allsamples_T0-4_q=5_L2/toy_frac_func_entropy.jl:117
ERROR: LoadError: SystemError: opening file "/home/pfields/Desktop/proteins/data/toysector_q=5/nsamples=500/fitted_models/sector_temp=0.40/RBM/L2_regh=1e2.0_P=50_L2_regW=1e1.0.bson": No such file or directory
Stacktrace:
  [1] systemerror(p::String, errno::Int32; extrainfo::Nothing)
    @ Base ./error.jl:174
  [2] #systemerror#68
    @ ./error.jl:173 [inlined]
  [3] systemerror
    @ ./error.jl:173 [inlined]
  [4] open(fname::String; lock::Bool, read::Nothing, write::Nothing, create::Nothing, truncate::Nothing, append::Nothing)
    @ Base ./iostream.jl:293
  [5] open
    @ ./iostream.jl:282 [inlined]
  [6] open(f::typeof(BSON.parse), args::String; kwargs::Base.Pairs{Symbol, Union{}, Tuple{}, NamedTuple{(), Tuple{}}})
    @ Base ./io.jl:328
  [7] open
    @ ./io.jl:328 [inlined]
  [8] parse
    @ ~/.julia/packages/BSON/73cTU/src/read.jl:106 [inlined]
  [9] load (repeats 2 times)
    @ ~/.julia/packages/BSON/73cTU/src/read.jl:108 [inlined]
 [10] top-level scope
    @ ~/Desktop/proteins/newtoymodel/fit_allsamples_T0-4_q=5_L2/toy_frac_func_entropy.jl:119
in expression starting at /home/pfields/Desktop/proteins/newtoymodel/fit_allsamples_T0-4_q=5_L2/toy_frac_func_entropy.jl:97
