  Activating project at `~/proteins`
 Downloading artifact: CUDA_compat
UNHANDLED TASK ERROR: IOError: FDWatcher: bad file descriptor (EBADF)
Stacktrace:
 [1] try_yieldto(undo::typeof(Base.ensure_rescheduled))
   @ Base ./task.jl:812
 [2] wait()
   @ Base ./task.jl:872
 [3] wait(c::Base.GenericCondition{Base.Threads.SpinLock})
   @ Base ./condition.jl:123
 [4] wait(fdw::FileWatching._FDWatcher; readable::Bool, writable::Bool)
   @ FileWatching /software/julia-1.7.3-el8-x86_64/share/julia/stdlib/v1.7/FileWatching/src/FileWatching.jl:533
 [5] wait
   @ /software/julia-1.7.3-el8-x86_64/share/julia/stdlib/v1.7/FileWatching/src/FileWatching.jl:504 [inlined]
 [6] macro expansion
   @ /software/julia-1.7.3-el8-x86_64/share/julia/stdlib/v1.7/Downloads/src/Curl/Multi.jl:166 [inlined]
 [7] (::Downloads.Curl.var"#40#46"{Int32, FileWatching.FDWatcher, Downloads.Curl.Multi})()
   @ Downloads.Curl ./task.jl:429
 Downloading artifact: CUDA_compat
 Downloading artifact: CUDA
UNHANDLED TASK ERROR: IOError: FDWatcher: bad file descriptor (EBADF)
Stacktrace:
 [1] try_yieldto(undo::typeof(Base.ensure_rescheduled))
   @ Base ./task.jl:812
 [2] wait()
   @ Base ./task.jl:872
 [3] wait(c::Base.GenericCondition{Base.Threads.SpinLock})
   @ Base ./condition.jl:123
 [4] wait(fdw::FileWatching._FDWatcher; readable::Bool, writable::Bool)
   @ FileWatching /software/julia-1.7.3-el8-x86_64/share/julia/stdlib/v1.7/FileWatching/src/FileWatching.jl:533
 [5] wait
   @ /software/julia-1.7.3-el8-x86_64/share/julia/stdlib/v1.7/FileWatching/src/FileWatching.jl:504 [inlined]
 [6] macro expansion
   @ /software/julia-1.7.3-el8-x86_64/share/julia/stdlib/v1.7/Downloads/src/Curl/Multi.jl:166 [inlined]
 [7] (::Downloads.Curl.var"#40#46"{Int32, FileWatching.FDWatcher, Downloads.Curl.Multi})()
   @ Downloads.Curl ./task.jl:429
 Downloading artifact: CUDA
 Downloading artifact: CUDA
UNHANDLED TASK ERROR: IOError: FDWatcher: bad file descriptor (EBADF)
Stacktrace:
 [1] try_yieldto(undo::typeof(Base.ensure_rescheduled))
   @ Base ./task.jl:812
 [2] wait()
   @ Base ./task.jl:872
 [3] wait(c::Base.GenericCondition{Base.Threads.SpinLock})
   @ Base ./condition.jl:123
 [4] wait(fdw::FileWatching._FDWatcher; readable::Bool, writable::Bool)
   @ FileWatching /software/julia-1.7.3-el8-x86_64/share/julia/stdlib/v1.7/FileWatching/src/FileWatching.jl:533
 [5] wait
   @ /software/julia-1.7.3-el8-x86_64/share/julia/stdlib/v1.7/FileWatching/src/FileWatching.jl:504 [inlined]
 [6] macro expansion
   @ /software/julia-1.7.3-el8-x86_64/share/julia/stdlib/v1.7/Downloads/src/Curl/Multi.jl:166 [inlined]
 [7] (::Downloads.Curl.var"#40#46"{Int32, FileWatching.FDWatcher, Downloads.Curl.Multi})()
   @ Downloads.Curl ./task.jl:429
 Downloading artifact: CUDA
 Downloading artifact: CUDA
UNHANDLED TASK ERROR: IOError: FDWatcher: bad file descriptor (EBADF)
Stacktrace:
 [1] try_yieldto(undo::typeof(Base.ensure_rescheduled))
   @ Base ./task.jl:812
 [2] wait()
   @ Base ./task.jl:872
 [3] wait(c::Base.GenericCondition{Base.Threads.SpinLock})
   @ Base ./condition.jl:123
 [4] wait(fdw::FileWatching._FDWatcher; readable::Bool, writable::Bool)
   @ FileWatching /software/julia-1.7.3-el8-x86_64/share/julia/stdlib/v1.7/FileWatching/src/FileWatching.jl:533
 [5] wait
   @ /software/julia-1.7.3-el8-x86_64/share/julia/stdlib/v1.7/FileWatching/src/FileWatching.jl:504 [inlined]
 [6] macro expansion
   @ /software/julia-1.7.3-el8-x86_64/share/julia/stdlib/v1.7/Downloads/src/Curl/Multi.jl:166 [inlined]
 [7] (::Downloads.Curl.var"#40#46"{Int32, FileWatching.FDWatcher, Downloads.Curl.Multi})()
   @ Downloads.Curl ./task.jl:429
 Downloading artifact: CUDA
 Downloading artifact: CUDA
UNHANDLED TASK ERROR: IOError: FDWatcher: bad file descriptor (EBADF)
Stacktrace:
 [1] try_yieldto(undo::typeof(Base.ensure_rescheduled))
   @ Base ./task.jl:812
 [2] wait()
   @ Base ./task.jl:872
 [3] wait(c::Base.GenericCondition{Base.Threads.SpinLock})
   @ Base ./condition.jl:123
 [4] wait(fdw::FileWatching._FDWatcher; readable::Bool, writable::Bool)
   @ FileWatching /software/julia-1.7.3-el8-x86_64/share/julia/stdlib/v1.7/FileWatching/src/FileWatching.jl:533
 [5] wait
   @ /software/julia-1.7.3-el8-x86_64/share/julia/stdlib/v1.7/FileWatching/src/FileWatching.jl:504 [inlined]
 [6] macro expansion
   @ /software/julia-1.7.3-el8-x86_64/share/julia/stdlib/v1.7/Downloads/src/Curl/Multi.jl:166 [inlined]
 [7] (::Downloads.Curl.var"#40#46"{Int32, FileWatching.FDWatcher, Downloads.Curl.Multi})()
   @ Downloads.Curl ./task.jl:429
 Downloading artifact: CUDA
 Downloading artifact: CUDA
UNHANDLED TASK ERROR: IOError: FDWatcher: bad file descriptor (EBADF)
Stacktrace:
 [1] try_yieldto(undo::typeof(Base.ensure_rescheduled))
   @ Base ./task.jl:812
 [2] wait()
   @ Base ./task.jl:872
 [3] wait(c::Base.GenericCondition{Base.Threads.SpinLock})
   @ Base ./condition.jl:123
 [4] wait(fdw::FileWatching._FDWatcher; readable::Bool, writable::Bool)
   @ FileWatching /software/julia-1.7.3-el8-x86_64/share/julia/stdlib/v1.7/FileWatching/src/FileWatching.jl:533
 [5] wait
   @ /software/julia-1.7.3-el8-x86_64/share/julia/stdlib/v1.7/FileWatching/src/FileWatching.jl:504 [inlined]
 [6] macro expansion
   @ /software/julia-1.7.3-el8-x86_64/share/julia/stdlib/v1.7/Downloads/src/Curl/Multi.jl:166 [inlined]
 [7] (::Downloads.Curl.var"#40#46"{Int32, FileWatching.FDWatcher, Downloads.Curl.Multi})()
   @ Downloads.Curl ./task.jl:429
 Downloading artifact: CUDA
 Downloading artifact: CUDA
UNHANDLED TASK ERROR: IOError: FDWatcher: bad file descriptor (EBADF)
Stacktrace:
 [1] try_yieldto(undo::typeof(Base.ensure_rescheduled))
   @ Base ./task.jl:812
 [2] wait()
   @ Base ./task.jl:872
 [3] wait(c::Base.GenericCondition{Base.Threads.SpinLock})
   @ Base ./condition.jl:123
 [4] wait(fdw::FileWatching._FDWatcher; readable::Bool, writable::Bool)
   @ FileWatching /software/julia-1.7.3-el8-x86_64/share/julia/stdlib/v1.7/FileWatching/src/FileWatching.jl:533
 [5] wait
   @ /software/julia-1.7.3-el8-x86_64/share/julia/stdlib/v1.7/FileWatching/src/FileWatching.jl:504 [inlined]
 [6] macro expansion
   @ /software/julia-1.7.3-el8-x86_64/share/julia/stdlib/v1.7/Downloads/src/Curl/Multi.jl:166 [inlined]
 [7] (::Downloads.Curl.var"#40#46"{Int32, FileWatching.FDWatcher, Downloads.Curl.Multi})()
   @ Downloads.Curl ./task.jl:429
 Downloading artifact: CUDA
 Downloading artifact: CUDA
UNHANDLED TASK ERROR: IOError: FDWatcher: bad file descriptor (EBADF)
Stacktrace:
 [1] try_yieldto(undo::typeof(Base.ensure_rescheduled))
   @ Base ./task.jl:812
 [2] wait()
   @ Base ./task.jl:872
 [3] wait(c::Base.GenericCondition{Base.Threads.SpinLock})
   @ Base ./condition.jl:123
 [4] wait(fdw::FileWatching._FDWatcher; readable::Bool, writable::Bool)
   @ FileWatching /software/julia-1.7.3-el8-x86_64/share/julia/stdlib/v1.7/FileWatching/src/FileWatching.jl:533
 [5] wait
   @ /software/julia-1.7.3-el8-x86_64/share/julia/stdlib/v1.7/FileWatching/src/FileWatching.jl:504 [inlined]
 [6] macro expansion
   @ /software/julia-1.7.3-el8-x86_64/share/julia/stdlib/v1.7/Downloads/src/Curl/Multi.jl:166 [inlined]
 [7] (::Downloads.Curl.var"#40#46"{Int32, FileWatching.FDWatcher, Downloads.Curl.Multi})()
   @ Downloads.Curl ./task.jl:429
 Downloading artifact: CUDA
 Downloading artifact: CUDA
UNHANDLED TASK ERROR: IOError: FDWatcher: bad file descriptor (EBADF)
Stacktrace:
 [1] try_yieldto(undo::typeof(Base.ensure_rescheduled))
   @ Base ./task.jl:812
 [2] wait()
   @ Base ./task.jl:872
 [3] wait(c::Base.GenericCondition{Base.Threads.SpinLock})
   @ Base ./condition.jl:123
 [4] wait(fdw::FileWatching._FDWatcher; readable::Bool, writable::Bool)
   @ FileWatching /software/julia-1.7.3-el8-x86_64/share/julia/stdlib/v1.7/FileWatching/src/FileWatching.jl:533
 [5] wait
   @ /software/julia-1.7.3-el8-x86_64/share/julia/stdlib/v1.7/FileWatching/src/FileWatching.jl:504 [inlined]
 [6] macro expansion
   @ /software/julia-1.7.3-el8-x86_64/share/julia/stdlib/v1.7/Downloads/src/Curl/Multi.jl:166 [inlined]
 [7] (::Downloads.Curl.var"#40#46"{Int32, FileWatching.FDWatcher, Downloads.Curl.Multi})()
   @ Downloads.Curl ./task.jl:429
 Downloading artifact: CUDA
 Downloading artifact: CUDA
UNHANDLED TASK ERROR: IOError: FDWatcher: bad file descriptor (EBADF)
Stacktrace:
 [1] try_yieldto(undo::typeof(Base.ensure_rescheduled))
   @ Base ./task.jl:812
 [2] wait()
   @ Base ./task.jl:872
 [3] wait(c::Base.GenericCondition{Base.Threads.SpinLock})
   @ Base ./condition.jl:123
 [4] wait(fdw::FileWatching._FDWatcher; readable::Bool, writable::Bool)
   @ FileWatching /software/julia-1.7.3-el8-x86_64/share/julia/stdlib/v1.7/FileWatching/src/FileWatching.jl:533
 [5] wait
   @ /software/julia-1.7.3-el8-x86_64/share/julia/stdlib/v1.7/FileWatching/src/FileWatching.jl:504 [inlined]
 [6] macro expansion
   @ /software/julia-1.7.3-el8-x86_64/share/julia/stdlib/v1.7/Downloads/src/Curl/Multi.jl:166 [inlined]
 [7] (::Downloads.Curl.var"#40#46"{Int32, FileWatching.FDWatcher, Downloads.Curl.Multi})()
   @ Downloads.Curl ./task.jl:429
 Downloading artifact: CUDA
┌ Warning: Unable to use CUDA from artifacts: Could not find or download a compatible artifact for your platform (x86_64-linux-gnu-libgfortran4-cxx11-libstdcxx29-julia_version+1.7.3).
│ If you think this is in error, please file an issue.
└ @ CUDA.Deps ~/.julia/packages/CUDA/DfvRa/deps/bindeps.jl:84
ERROR: LoadError: Scalar indexing is disallowed.
Invocation of setindex! resulted in scalar indexing of a GPU array.
This is typically caused by calling an iterating implementation of a method.
Such implementations *do not* execute on the GPU, but very slowly on the CPU,
and therefore are only permitted from the REPL for prototyping purposes.
If you did intend to index this array, annotate the caller with @allowscalar.
Stacktrace:
 [1] error(s::String)
   @ Base ./error.jl:33
 [2] assertscalar(op::String)
   @ GPUArraysCore ~/.julia/packages/GPUArraysCore/HaQcr/src/GPUArraysCore.jl:103
 [3] setindex!(xs::CuArray{Float32, 2, CUDA.Mem.DeviceBuffer}, v::Float32, I::Int64)
   @ GPUArrays ~/.julia/packages/GPUArrays/XR4WO/src/host/indexing.jl:17
 [4] copyto_unaliased!(deststyle::IndexLinear, dest::CuArray{Float32, 2, CUDA.Mem.DeviceBuffer}, srcstyle::IndexLinear, src::SubArray{Float32, 1, Vector{Float32}, Tuple{UnitRange{Int64}}, true})
   @ Base ./abstractarray.jl:1018
 [5] copyto!(dest::CuArray{Float32, 2, CUDA.Mem.DeviceBuffer}, src::SubArray{Float32, 1, Vector{Float32}, Tuple{UnitRange{Int64}}, true})
   @ Base ./abstractarray.jl:998
 [6] copyto!(θ::Pairwise{CuArray{Float32, 2, CUDA.Mem.DeviceBuffer}, CuArray{Float32, 4, CUDA.Mem.DeviceBuffer}}, v::Vector{Float32})
   @ SpinModels ~/.julia/packages/SpinModels/mDgdP/src/types.jl:33
 [7] top-level scope
   @ ~/proteins/newtoymodel/fit_allsamples_T0-4_q=5_L2/best_toy_frac_func_entropy.jl:127
in expression starting at /home/pfields/proteins/newtoymodel/fit_allsamples_T0-4_q=5_L2/best_toy_frac_func_entropy.jl:99
