  Activating project at `~/Desktop/proteins`
┌ Warning: max sampling steps reached for anneal step 1. 
│ Z estimate may be inaccurate due to poor mixing of samples.
│ Consider increasing max_sampling_steps or anneal_steps.
└ @ Main ~/Desktop/proteins/src/aisZ.jl:137
┌ Warning: max sampling steps reached for anneal step 2. 
│ Z estimate may be inaccurate due to poor mixing of samples.
│ Consider increasing max_sampling_steps or anneal_steps.
└ @ Main ~/Desktop/proteins/src/aisZ.jl:137
┌ Warning: max sampling steps reached for anneal step 3. 
│ Z estimate may be inaccurate due to poor mixing of samples.
│ Consider increasing max_sampling_steps or anneal_steps.
└ @ Main ~/Desktop/proteins/src/aisZ.jl:137
┌ Warning: max sampling steps reached for anneal step 4. 
│ Z estimate may be inaccurate due to poor mixing of samples.
│ Consider increasing max_sampling_steps or anneal_steps.
└ @ Main ~/Desktop/proteins/src/aisZ.jl:137
┌ Warning: max sampling steps reached for anneal step 5. 
│ Z estimate may be inaccurate due to poor mixing of samples.
│ Consider increasing max_sampling_steps or anneal_steps.
└ @ Main ~/Desktop/proteins/src/aisZ.jl:137
┌ Warning: max sampling steps reached for anneal step 6. 
│ Z estimate may be inaccurate due to poor mixing of samples.
│ Consider increasing max_sampling_steps or anneal_steps.
└ @ Main ~/Desktop/proteins/src/aisZ.jl:137
┌ Warning: max sampling steps reached for anneal step 7. 
│ Z estimate may be inaccurate due to poor mixing of samples.
│ Consider increasing max_sampling_steps or anneal_steps.
└ @ Main ~/Desktop/proteins/src/aisZ.jl:137
┌ Warning: max sampling steps reached for anneal step 8. 
│ Z estimate may be inaccurate due to poor mixing of samples.
│ Consider increasing max_sampling_steps or anneal_steps.
└ @ Main ~/Desktop/proteins/src/aisZ.jl:137
┌ Warning: max sampling steps reached for anneal step 9. 
│ Z estimate may be inaccurate due to poor mixing of samples.
│ Consider increasing max_sampling_steps or anneal_steps.
└ @ Main ~/Desktop/proteins/src/aisZ.jl:137
┌ Warning: max sampling steps reached for anneal step 10. 
│ Z estimate may be inaccurate due to poor mixing of samples.
│ Consider increasing max_sampling_steps or anneal_steps.
└ @ Main ~/Desktop/proteins/src/aisZ.jl:137
┌ Warning: max sampling steps reached for anneal step 11. 
│ Z estimate may be inaccurate due to poor mixing of samples.
│ Consider increasing max_sampling_steps or anneal_steps.
└ @ Main ~/Desktop/proteins/src/aisZ.jl:137
┌ Warning: max sampling steps reached for anneal step 12. 
│ Z estimate may be inaccurate due to poor mixing of samples.
│ Consider increasing max_sampling_steps or anneal_steps.
└ @ Main ~/Desktop/proteins/src/aisZ.jl:137
┌ Warning: max sampling steps reached for anneal step 13. 
│ Z estimate may be inaccurate due to poor mixing of samples.
│ Consider increasing max_sampling_steps or anneal_steps.
└ @ Main ~/Desktop/proteins/src/aisZ.jl:137
┌ Warning: max sampling steps reached for anneal step 14. 
│ Z estimate may be inaccurate due to poor mixing of samples.
│ Consider increasing max_sampling_steps or anneal_steps.
└ @ Main ~/Desktop/proteins/src/aisZ.jl:137
┌ Warning: max sampling steps reached for anneal step 15. 
│ Z estimate may be inaccurate due to poor mixing of samples.
│ Consider increasing max_sampling_steps or anneal_steps.
└ @ Main ~/Desktop/proteins/src/aisZ.jl:137
┌ Warning: max sampling steps reached for anneal step 16. 
│ Z estimate may be inaccurate due to poor mixing of samples.
│ Consider increasing max_sampling_steps or anneal_steps.
└ @ Main ~/Desktop/proteins/src/aisZ.jl:137
┌ Warning: max sampling steps reached for anneal step 17. 
│ Z estimate may be inaccurate due to poor mixing of samples.
│ Consider increasing max_sampling_steps or anneal_steps.
└ @ Main ~/Desktop/proteins/src/aisZ.jl:137
┌ Warning: max sampling steps reached for anneal step 18. 
│ Z estimate may be inaccurate due to poor mixing of samples.
│ Consider increasing max_sampling_steps or anneal_steps.
└ @ Main ~/Desktop/proteins/src/aisZ.jl:137
┌ Warning: max sampling steps reached for anneal step 19. 
│ Z estimate may be inaccurate due to poor mixing of samples.
│ Consider increasing max_sampling_steps or anneal_steps.
└ @ Main ~/Desktop/proteins/src/aisZ.jl:137
┌ Warning: max sampling steps reached for anneal step 20. 
│ Z estimate may be inaccurate due to poor mixing of samples.
│ Consider increasing max_sampling_steps or anneal_steps.
└ @ Main ~/Desktop/proteins/src/aisZ.jl:137
┌ Warning: max sampling steps reached for anneal step 21. 
│ Z estimate may be inaccurate due to poor mixing of samples.
│ Consider increasing max_sampling_steps or anneal_steps.
└ @ Main ~/Desktop/proteins/src/aisZ.jl:137
┌ Warning: max sampling steps reached for anneal step 22. 
│ Z estimate may be inaccurate due to poor mixing of samples.
│ Consider increasing max_sampling_steps or anneal_steps.
└ @ Main ~/Desktop/proteins/src/aisZ.jl:137
┌ Warning: max sampling steps reached for anneal step 23. 
│ Z estimate may be inaccurate due to poor mixing of samples.
│ Consider increasing max_sampling_steps or anneal_steps.
└ @ Main ~/Desktop/proteins/src/aisZ.jl:137
┌ Warning: max sampling steps reached for anneal step 24. 
│ Z estimate may be inaccurate due to poor mixing of samples.
│ Consider increasing max_sampling_steps or anneal_steps.
└ @ Main ~/Desktop/proteins/src/aisZ.jl:137
┌ Warning: max sampling steps reached for anneal step 25. 
│ Z estimate may be inaccurate due to poor mixing of samples.
│ Consider increasing max_sampling_steps or anneal_steps.
└ @ Main ~/Desktop/proteins/src/aisZ.jl:137
┌ Warning: max sampling steps reached for anneal step 26. 
│ Z estimate may be inaccurate due to poor mixing of samples.
│ Consider increasing max_sampling_steps or anneal_steps.
└ @ Main ~/Desktop/proteins/src/aisZ.jl:137
┌ Warning: max sampling steps reached for anneal step 27. 
│ Z estimate may be inaccurate due to poor mixing of samples.
│ Consider increasing max_sampling_steps or anneal_steps.
└ @ Main ~/Desktop/proteins/src/aisZ.jl:137
┌ Warning: max sampling steps reached for anneal step 28. 
│ Z estimate may be inaccurate due to poor mixing of samples.
│ Consider increasing max_sampling_steps or anneal_steps.
└ @ Main ~/Desktop/proteins/src/aisZ.jl:137
┌ Warning: max sampling steps reached for anneal step 29. 
│ Z estimate may be inaccurate due to poor mixing of samples.
│ Consider increasing max_sampling_steps or anneal_steps.
└ @ Main ~/Desktop/proteins/src/aisZ.jl:137
┌ Warning: max sampling steps reached for anneal step 30. 
│ Z estimate may be inaccurate due to poor mixing of samples.
│ Consider increasing max_sampling_steps or anneal_steps.
└ @ Main ~/Desktop/proteins/src/aisZ.jl:137
┌ Warning: max sampling steps reached for anneal step 31. 
│ Z estimate may be inaccurate due to poor mixing of samples.
│ Consider increasing max_sampling_steps or anneal_steps.
└ @ Main ~/Desktop/proteins/src/aisZ.jl:137
┌ Warning: max sampling steps reached for anneal step 33. 
│ Z estimate may be inaccurate due to poor mixing of samples.
│ Consider increasing max_sampling_steps or anneal_steps.
└ @ Main ~/Desktop/proteins/src/aisZ.jl:137
┌ Warning: max sampling steps reached for anneal step 34. 
│ Z estimate may be inaccurate due to poor mixing of samples.
│ Consider increasing max_sampling_steps or anneal_steps.
└ @ Main ~/Desktop/proteins/src/aisZ.jl:137
┌ Warning: max sampling steps reached for anneal step 35. 
│ Z estimate may be inaccurate due to poor mixing of samples.
│ Consider increasing max_sampling_steps or anneal_steps.
└ @ Main ~/Desktop/proteins/src/aisZ.jl:137
┌ Warning: max sampling steps reached for anneal step 36. 
│ Z estimate may be inaccurate due to poor mixing of samples.
│ Consider increasing max_sampling_steps or anneal_steps.
└ @ Main ~/Desktop/proteins/src/aisZ.jl:137
┌ Warning: max sampling steps reached for anneal step 37. 
│ Z estimate may be inaccurate due to poor mixing of samples.
│ Consider increasing max_sampling_steps or anneal_steps.
└ @ Main ~/Desktop/proteins/src/aisZ.jl:137
┌ Warning: max sampling steps reached for anneal step 38. 
│ Z estimate may be inaccurate due to poor mixing of samples.
│ Consider increasing max_sampling_steps or anneal_steps.
└ @ Main ~/Desktop/proteins/src/aisZ.jl:137
┌ Warning: max sampling steps reached for anneal step 39. 
│ Z estimate may be inaccurate due to poor mixing of samples.
│ Consider increasing max_sampling_steps or anneal_steps.
└ @ Main ~/Desktop/proteins/src/aisZ.jl:137
┌ Warning: max sampling steps reached for anneal step 41. 
│ Z estimate may be inaccurate due to poor mixing of samples.
│ Consider increasing max_sampling_steps or anneal_steps.
└ @ Main ~/Desktop/proteins/src/aisZ.jl:137
┌ Warning: max sampling steps reached for anneal step 42. 
│ Z estimate may be inaccurate due to poor mixing of samples.
│ Consider increasing max_sampling_steps or anneal_steps.
└ @ Main ~/Desktop/proteins/src/aisZ.jl:137
┌ Warning: max sampling steps reached for anneal step 43. 
│ Z estimate may be inaccurate due to poor mixing of samples.
│ Consider increasing max_sampling_steps or anneal_steps.
└ @ Main ~/Desktop/proteins/src/aisZ.jl:137
┌ Warning: max sampling steps reached for anneal step 44. 
│ Z estimate may be inaccurate due to poor mixing of samples.
│ Consider increasing max_sampling_steps or anneal_steps.
└ @ Main ~/Desktop/proteins/src/aisZ.jl:137
┌ Warning: max sampling steps reached for anneal step 45. 
│ Z estimate may be inaccurate due to poor mixing of samples.
│ Consider increasing max_sampling_steps or anneal_steps.
└ @ Main ~/Desktop/proteins/src/aisZ.jl:137
┌ Warning: max sampling steps reached for anneal step 46. 
│ Z estimate may be inaccurate due to poor mixing of samples.
│ Consider increasing max_sampling_steps or anneal_steps.
└ @ Main ~/Desktop/proteins/src/aisZ.jl:137
┌ Warning: max sampling steps reached for anneal step 47. 
│ Z estimate may be inaccurate due to poor mixing of samples.
│ Consider increasing max_sampling_steps or anneal_steps.
└ @ Main ~/Desktop/proteins/src/aisZ.jl:137
┌ Warning: max sampling steps reached for anneal step 48. 
│ Z estimate may be inaccurate due to poor mixing of samples.
│ Consider increasing max_sampling_steps or anneal_steps.
└ @ Main ~/Desktop/proteins/src/aisZ.jl:137
┌ Warning: max sampling steps reached for anneal step 49. 
│ Z estimate may be inaccurate due to poor mixing of samples.
│ Consider increasing max_sampling_steps or anneal_steps.
└ @ Main ~/Desktop/proteins/src/aisZ.jl:137
┌ Warning: max sampling steps reached for anneal step 50. 
│ Z estimate may be inaccurate due to poor mixing of samples.
│ Consider increasing max_sampling_steps or anneal_steps.
└ @ Main ~/Desktop/proteins/src/aisZ.jl:137
┌ Warning: max sampling steps reached for anneal step 51. 
│ Z estimate may be inaccurate due to poor mixing of samples.
│ Consider increasing max_sampling_steps or anneal_steps.
└ @ Main ~/Desktop/proteins/src/aisZ.jl:137
┌ Warning: max sampling steps reached for anneal step 52. 
│ Z estimate may be inaccurate due to poor mixing of samples.
│ Consider increasing max_sampling_steps or anneal_steps.
└ @ Main ~/Desktop/proteins/src/aisZ.jl:137
┌ Warning: max sampling steps reached for anneal step 53. 
│ Z estimate may be inaccurate due to poor mixing of samples.
│ Consider increasing max_sampling_steps or anneal_steps.
└ @ Main ~/Desktop/proteins/src/aisZ.jl:137
┌ Warning: max sampling steps reached for anneal step 54. 
│ Z estimate may be inaccurate due to poor mixing of samples.
│ Consider increasing max_sampling_steps or anneal_steps.
└ @ Main ~/Desktop/proteins/src/aisZ.jl:137
┌ Warning: max sampling steps reached for anneal step 55. 
│ Z estimate may be inaccurate due to poor mixing of samples.
│ Consider increasing max_sampling_steps or anneal_steps.
└ @ Main ~/Desktop/proteins/src/aisZ.jl:137
┌ Warning: max sampling steps reached for anneal step 56. 
│ Z estimate may be inaccurate due to poor mixing of samples.
│ Consider increasing max_sampling_steps or anneal_steps.
└ @ Main ~/Desktop/proteins/src/aisZ.jl:137
┌ Warning: max sampling steps reached for anneal step 57. 
│ Z estimate may be inaccurate due to poor mixing of samples.
│ Consider increasing max_sampling_steps or anneal_steps.
└ @ Main ~/Desktop/proteins/src/aisZ.jl:137
┌ Warning: max sampling steps reached for anneal step 58. 
│ Z estimate may be inaccurate due to poor mixing of samples.
│ Consider increasing max_sampling_steps or anneal_steps.
└ @ Main ~/Desktop/proteins/src/aisZ.jl:137
┌ Warning: max sampling steps reached for anneal step 59. 
│ Z estimate may be inaccurate due to poor mixing of samples.
│ Consider increasing max_sampling_steps or anneal_steps.
└ @ Main ~/Desktop/proteins/src/aisZ.jl:137
┌ Warning: max sampling steps reached for anneal step 60. 
│ Z estimate may be inaccurate due to poor mixing of samples.
│ Consider increasing max_sampling_steps or anneal_steps.
└ @ Main ~/Desktop/proteins/src/aisZ.jl:137
┌ Warning: max sampling steps reached for anneal step 61. 
│ Z estimate may be inaccurate due to poor mixing of samples.
│ Consider increasing max_sampling_steps or anneal_steps.
└ @ Main ~/Desktop/proteins/src/aisZ.jl:137
┌ Warning: max sampling steps reached for anneal step 62. 
│ Z estimate may be inaccurate due to poor mixing of samples.
│ Consider increasing max_sampling_steps or anneal_steps.
└ @ Main ~/Desktop/proteins/src/aisZ.jl:137
┌ Warning: max sampling steps reached for anneal step 63. 
│ Z estimate may be inaccurate due to poor mixing of samples.
│ Consider increasing max_sampling_steps or anneal_steps.
└ @ Main ~/Desktop/proteins/src/aisZ.jl:137
┌ Warning: max sampling steps reached for anneal step 64. 
│ Z estimate may be inaccurate due to poor mixing of samples.
│ Consider increasing max_sampling_steps or anneal_steps.
└ @ Main ~/Desktop/proteins/src/aisZ.jl:137
┌ Warning: max sampling steps reached for anneal step 65. 
│ Z estimate may be inaccurate due to poor mixing of samples.
│ Consider increasing max_sampling_steps or anneal_steps.
└ @ Main ~/Desktop/proteins/src/aisZ.jl:137
┌ Warning: max sampling steps reached for anneal step 66. 
│ Z estimate may be inaccurate due to poor mixing of samples.
│ Consider increasing max_sampling_steps or anneal_steps.
└ @ Main ~/Desktop/proteins/src/aisZ.jl:137
┌ Warning: max sampling steps reached for anneal step 67. 
│ Z estimate may be inaccurate due to poor mixing of samples.
│ Consider increasing max_sampling_steps or anneal_steps.
└ @ Main ~/Desktop/proteins/src/aisZ.jl:137
┌ Warning: max sampling steps reached for anneal step 68. 
│ Z estimate may be inaccurate due to poor mixing of samples.
│ Consider increasing max_sampling_steps or anneal_steps.
└ @ Main ~/Desktop/proteins/src/aisZ.jl:137
┌ Warning: max sampling steps reached for anneal step 69. 
│ Z estimate may be inaccurate due to poor mixing of samples.
│ Consider increasing max_sampling_steps or anneal_steps.
└ @ Main ~/Desktop/proteins/src/aisZ.jl:137
┌ Warning: max sampling steps reached for anneal step 70. 
│ Z estimate may be inaccurate due to poor mixing of samples.
│ Consider increasing max_sampling_steps or anneal_steps.
└ @ Main ~/Desktop/proteins/src/aisZ.jl:137
┌ Warning: max sampling steps reached for anneal step 71. 
│ Z estimate may be inaccurate due to poor mixing of samples.
│ Consider increasing max_sampling_steps or anneal_steps.
└ @ Main ~/Desktop/proteins/src/aisZ.jl:137
┌ Warning: max sampling steps reached for anneal step 72. 
│ Z estimate may be inaccurate due to poor mixing of samples.
│ Consider increasing max_sampling_steps or anneal_steps.
└ @ Main ~/Desktop/proteins/src/aisZ.jl:137
┌ Warning: max sampling steps reached for anneal step 74. 
│ Z estimate may be inaccurate due to poor mixing of samples.
│ Consider increasing max_sampling_steps or anneal_steps.
└ @ Main ~/Desktop/proteins/src/aisZ.jl:137
┌ Warning: max sampling steps reached for anneal step 75. 
│ Z estimate may be inaccurate due to poor mixing of samples.
│ Consider increasing max_sampling_steps or anneal_steps.
└ @ Main ~/Desktop/proteins/src/aisZ.jl:137
┌ Warning: max sampling steps reached for anneal step 76. 
│ Z estimate may be inaccurate due to poor mixing of samples.
│ Consider increasing max_sampling_steps or anneal_steps.
└ @ Main ~/Desktop/proteins/src/aisZ.jl:137
┌ Warning: max sampling steps reached for anneal step 77. 
│ Z estimate may be inaccurate due to poor mixing of samples.
│ Consider increasing max_sampling_steps or anneal_steps.
└ @ Main ~/Desktop/proteins/src/aisZ.jl:137
┌ Warning: max sampling steps reached for anneal step 78. 
│ Z estimate may be inaccurate due to poor mixing of samples.
│ Consider increasing max_sampling_steps or anneal_steps.
└ @ Main ~/Desktop/proteins/src/aisZ.jl:137
┌ Warning: max sampling steps reached for anneal step 79. 
│ Z estimate may be inaccurate due to poor mixing of samples.
│ Consider increasing max_sampling_steps or anneal_steps.
└ @ Main ~/Desktop/proteins/src/aisZ.jl:137
┌ Warning: max sampling steps reached for anneal step 80. 
│ Z estimate may be inaccurate due to poor mixing of samples.
│ Consider increasing max_sampling_steps or anneal_steps.
└ @ Main ~/Desktop/proteins/src/aisZ.jl:137
┌ Warning: max sampling steps reached for anneal step 81. 
│ Z estimate may be inaccurate due to poor mixing of samples.
│ Consider increasing max_sampling_steps or anneal_steps.
└ @ Main ~/Desktop/proteins/src/aisZ.jl:137
┌ Warning: max sampling steps reached for anneal step 82. 
│ Z estimate may be inaccurate due to poor mixing of samples.
│ Consider increasing max_sampling_steps or anneal_steps.
└ @ Main ~/Desktop/proteins/src/aisZ.jl:137
┌ Warning: max sampling steps reached for anneal step 83. 
│ Z estimate may be inaccurate due to poor mixing of samples.
│ Consider increasing max_sampling_steps or anneal_steps.
└ @ Main ~/Desktop/proteins/src/aisZ.jl:137
┌ Warning: max sampling steps reached for anneal step 84. 
│ Z estimate may be inaccurate due to poor mixing of samples.
│ Consider increasing max_sampling_steps or anneal_steps.
└ @ Main ~/Desktop/proteins/src/aisZ.jl:137
┌ Warning: max sampling steps reached for anneal step 85. 
│ Z estimate may be inaccurate due to poor mixing of samples.
│ Consider increasing max_sampling_steps or anneal_steps.
└ @ Main ~/Desktop/proteins/src/aisZ.jl:137
┌ Warning: max sampling steps reached for anneal step 86. 
│ Z estimate may be inaccurate due to poor mixing of samples.
│ Consider increasing max_sampling_steps or anneal_steps.
└ @ Main ~/Desktop/proteins/src/aisZ.jl:137
┌ Warning: max sampling steps reached for anneal step 87. 
│ Z estimate may be inaccurate due to poor mixing of samples.
│ Consider increasing max_sampling_steps or anneal_steps.
└ @ Main ~/Desktop/proteins/src/aisZ.jl:137
┌ Warning: max sampling steps reached for anneal step 88. 
│ Z estimate may be inaccurate due to poor mixing of samples.
│ Consider increasing max_sampling_steps or anneal_steps.
└ @ Main ~/Desktop/proteins/src/aisZ.jl:137
┌ Warning: max sampling steps reached for anneal step 89. 
│ Z estimate may be inaccurate due to poor mixing of samples.
│ Consider increasing max_sampling_steps or anneal_steps.
└ @ Main ~/Desktop/proteins/src/aisZ.jl:137
┌ Warning: max sampling steps reached for anneal step 90. 
│ Z estimate may be inaccurate due to poor mixing of samples.
│ Consider increasing max_sampling_steps or anneal_steps.
└ @ Main ~/Desktop/proteins/src/aisZ.jl:137
┌ Warning: max sampling steps reached for anneal step 91. 
│ Z estimate may be inaccurate due to poor mixing of samples.
│ Consider increasing max_sampling_steps or anneal_steps.
└ @ Main ~/Desktop/proteins/src/aisZ.jl:137
┌ Warning: max sampling steps reached for anneal step 92. 
│ Z estimate may be inaccurate due to poor mixing of samples.
│ Consider increasing max_sampling_steps or anneal_steps.
└ @ Main ~/Desktop/proteins/src/aisZ.jl:137
┌ Warning: max sampling steps reached for anneal step 93. 
│ Z estimate may be inaccurate due to poor mixing of samples.
│ Consider increasing max_sampling_steps or anneal_steps.
└ @ Main ~/Desktop/proteins/src/aisZ.jl:137
┌ Warning: max sampling steps reached for anneal step 94. 
│ Z estimate may be inaccurate due to poor mixing of samples.
│ Consider increasing max_sampling_steps or anneal_steps.
└ @ Main ~/Desktop/proteins/src/aisZ.jl:137
┌ Warning: max sampling steps reached for anneal step 95. 
│ Z estimate may be inaccurate due to poor mixing of samples.
│ Consider increasing max_sampling_steps or anneal_steps.
└ @ Main ~/Desktop/proteins/src/aisZ.jl:137
┌ Warning: max sampling steps reached for anneal step 96. 
│ Z estimate may be inaccurate due to poor mixing of samples.
│ Consider increasing max_sampling_steps or anneal_steps.
└ @ Main ~/Desktop/proteins/src/aisZ.jl:137
┌ Warning: max sampling steps reached for anneal step 97. 
│ Z estimate may be inaccurate due to poor mixing of samples.
│ Consider increasing max_sampling_steps or anneal_steps.
└ @ Main ~/Desktop/proteins/src/aisZ.jl:137
┌ Warning: max sampling steps reached for anneal step 98. 
│ Z estimate may be inaccurate due to poor mixing of samples.
│ Consider increasing max_sampling_steps or anneal_steps.
└ @ Main ~/Desktop/proteins/src/aisZ.jl:137
┌ Warning: max sampling steps reached for anneal step 99. 
│ Z estimate may be inaccurate due to poor mixing of samples.
│ Consider increasing max_sampling_steps or anneal_steps.
└ @ Main ~/Desktop/proteins/src/aisZ.jl:137
┌ Warning: max sampling steps reached for anneal step 100. 
│ Z estimate may be inaccurate due to poor mixing of samples.
│ Consider increasing max_sampling_steps or anneal_steps.
└ @ Main ~/Desktop/proteins/src/aisZ.jl:137
┌ Warning: max sampling steps reached for anneal step 101. 
│ Z estimate may be inaccurate due to poor mixing of samples.
│ Consider increasing max_sampling_steps or anneal_steps.
└ @ Main ~/Desktop/proteins/src/aisZ.jl:137
