  Activating project at `~/proteins`
 Downloading artifact: CUDA_compat
UNHANDLED TASK ERROR: IOError: FDWatcher: bad file descriptor (EBADF)
Stacktrace:
 [1] try_yieldto(undo::typeof(Base.ensure_rescheduled))
   @ Base ./task.jl:812
 [2] wait()
   @ Base ./task.jl:872
 [3] wait(c::Base.GenericCondition{Base.Threads.SpinLock})
   @ Base ./condition.jl:123
 [4] wait(fdw::FileWatching._FDWatcher; readable::Bool, writable::Bool)
   @ FileWatching /software/julia-1.7.3-el8-x86_64/share/julia/stdlib/v1.7/FileWatching/src/FileWatching.jl:533
 [5] wait
   @ /software/julia-1.7.3-el8-x86_64/share/julia/stdlib/v1.7/FileWatching/src/FileWatching.jl:504 [inlined]
 [6] macro expansion
   @ /software/julia-1.7.3-el8-x86_64/share/julia/stdlib/v1.7/Downloads/src/Curl/Multi.jl:166 [inlined]
 [7] (::Downloads.Curl.var"#40#46"{Int32, FileWatching.FDWatcher, Downloads.Curl.Multi})()
   @ Downloads.Curl ./task.jl:429
 Downloading artifact: CUDA_compat
 Downloading artifact: CUDA
UNHANDLED TASK ERROR: IOError: FDWatcher: bad file descriptor (EBADF)
Stacktrace:
 [1] try_yieldto(undo::typeof(Base.ensure_rescheduled))
   @ Base ./task.jl:812
 [2] wait()
   @ Base ./task.jl:872
 [3] wait(c::Base.GenericCondition{Base.Threads.SpinLock})
   @ Base ./condition.jl:123
 [4] wait(fdw::FileWatching._FDWatcher; readable::Bool, writable::Bool)
   @ FileWatching /software/julia-1.7.3-el8-x86_64/share/julia/stdlib/v1.7/FileWatching/src/FileWatching.jl:533
 [5] wait
   @ /software/julia-1.7.3-el8-x86_64/share/julia/stdlib/v1.7/FileWatching/src/FileWatching.jl:504 [inlined]
 [6] macro expansion
   @ /software/julia-1.7.3-el8-x86_64/share/julia/stdlib/v1.7/Downloads/src/Curl/Multi.jl:166 [inlined]
 [7] (::Downloads.Curl.var"#40#46"{Int32, FileWatching.FDWatcher, Downloads.Curl.Multi})()
   @ Downloads.Curl ./task.jl:429
 Downloading artifact: CUDA
 Downloading artifact: CUDA
UNHANDLED TASK ERROR: IOError: FDWatcher: bad file descriptor (EBADF)
Stacktrace:
 [1] try_yieldto(undo::typeof(Base.ensure_rescheduled))
   @ Base ./task.jl:812
 [2] wait()
   @ Base ./task.jl:872
 [3] wait(c::Base.GenericCondition{Base.Threads.SpinLock})
   @ Base ./condition.jl:123
 [4] wait(fdw::FileWatching._FDWatcher; readable::Bool, writable::Bool)
   @ FileWatching /software/julia-1.7.3-el8-x86_64/share/julia/stdlib/v1.7/FileWatching/src/FileWatching.jl:533
 [5] wait
   @ /software/julia-1.7.3-el8-x86_64/share/julia/stdlib/v1.7/FileWatching/src/FileWatching.jl:504 [inlined]
 [6] macro expansion
   @ /software/julia-1.7.3-el8-x86_64/share/julia/stdlib/v1.7/Downloads/src/Curl/Multi.jl:166 [inlined]
 [7] (::Downloads.Curl.var"#40#46"{Int32, FileWatching.FDWatcher, Downloads.Curl.Multi})()
   @ Downloads.Curl ./task.jl:429
 Downloading artifact: CUDA
 Downloading artifact: CUDA
UNHANDLED TASK ERROR: IOError: FDWatcher: bad file descriptor (EBADF)
Stacktrace:
 [1] try_yieldto(undo::typeof(Base.ensure_rescheduled))
   @ Base ./task.jl:812
 [2] wait()
   @ Base ./task.jl:872
 [3] wait(c::Base.GenericCondition{Base.Threads.SpinLock})
   @ Base ./condition.jl:123
 [4] wait(fdw::FileWatching._FDWatcher; readable::Bool, writable::Bool)
   @ FileWatching /software/julia-1.7.3-el8-x86_64/share/julia/stdlib/v1.7/FileWatching/src/FileWatching.jl:533
 [5] wait
   @ /software/julia-1.7.3-el8-x86_64/share/julia/stdlib/v1.7/FileWatching/src/FileWatching.jl:504 [inlined]
 [6] macro expansion
   @ /software/julia-1.7.3-el8-x86_64/share/julia/stdlib/v1.7/Downloads/src/Curl/Multi.jl:166 [inlined]
 [7] (::Downloads.Curl.var"#40#46"{Int32, FileWatching.FDWatcher, Downloads.Curl.Multi})()
   @ Downloads.Curl ./task.jl:429
 Downloading artifact: CUDA
 Downloading artifact: CUDA
UNHANDLED TASK ERROR: IOError: FDWatcher: bad file descriptor (EBADF)
Stacktrace:
 [1] try_yieldto(undo::typeof(Base.ensure_rescheduled))
   @ Base ./task.jl:812
 [2] wait()
   @ Base ./task.jl:872
 [3] wait(c::Base.GenericCondition{Base.Threads.SpinLock})
   @ Base ./condition.jl:123
 [4] wait(fdw::FileWatching._FDWatcher; readable::Bool, writable::Bool)
   @ FileWatching /software/julia-1.7.3-el8-x86_64/share/julia/stdlib/v1.7/FileWatching/src/FileWatching.jl:533
 [5] wait
   @ /software/julia-1.7.3-el8-x86_64/share/julia/stdlib/v1.7/FileWatching/src/FileWatching.jl:504 [inlined]
 [6] macro expansion
   @ /software/julia-1.7.3-el8-x86_64/share/julia/stdlib/v1.7/Downloads/src/Curl/Multi.jl:166 [inlined]
 [7] (::Downloads.Curl.var"#40#46"{Int32, FileWatching.FDWatcher, Downloads.Curl.Multi})()
   @ Downloads.Curl ./task.jl:429
 Downloading artifact: CUDA
 Downloading artifact: CUDA
UNHANDLED TASK ERROR: IOError: FDWatcher: bad file descriptor (EBADF)
Stacktrace:
 [1] try_yieldto(undo::typeof(Base.ensure_rescheduled))
   @ Base ./task.jl:812
 [2] wait()
   @ Base ./task.jl:872
 [3] wait(c::Base.GenericCondition{Base.Threads.SpinLock})
   @ Base ./condition.jl:123
 [4] wait(fdw::FileWatching._FDWatcher; readable::Bool, writable::Bool)
   @ FileWatching /software/julia-1.7.3-el8-x86_64/share/julia/stdlib/v1.7/FileWatching/src/FileWatching.jl:533
 [5] wait
   @ /software/julia-1.7.3-el8-x86_64/share/julia/stdlib/v1.7/FileWatching/src/FileWatching.jl:504 [inlined]
 [6] macro expansion
   @ /software/julia-1.7.3-el8-x86_64/share/julia/stdlib/v1.7/Downloads/src/Curl/Multi.jl:166 [inlined]
 [7] (::Downloads.Curl.var"#40#46"{Int32, FileWatching.FDWatcher, Downloads.Curl.Multi})()
   @ Downloads.Curl ./task.jl:429
 Downloading artifact: CUDA
 Downloading artifact: CUDA
UNHANDLED TASK ERROR: IOError: FDWatcher: bad file descriptor (EBADF)
Stacktrace:
 [1] try_yieldto(undo::typeof(Base.ensure_rescheduled))
   @ Base ./task.jl:812
 [2] wait()
   @ Base ./task.jl:872
 [3] wait(c::Base.GenericCondition{Base.Threads.SpinLock})
   @ Base ./condition.jl:123
 [4] wait(fdw::FileWatching._FDWatcher; readable::Bool, writable::Bool)
   @ FileWatching /software/julia-1.7.3-el8-x86_64/share/julia/stdlib/v1.7/FileWatching/src/FileWatching.jl:533
 [5] wait
   @ /software/julia-1.7.3-el8-x86_64/share/julia/stdlib/v1.7/FileWatching/src/FileWatching.jl:504 [inlined]
 [6] macro expansion
   @ /software/julia-1.7.3-el8-x86_64/share/julia/stdlib/v1.7/Downloads/src/Curl/Multi.jl:166 [inlined]
 [7] (::Downloads.Curl.var"#40#46"{Int32, FileWatching.FDWatcher, Downloads.Curl.Multi})()
   @ Downloads.Curl ./task.jl:429
 Downloading artifact: CUDA
 Downloading artifact: CUDA
UNHANDLED TASK ERROR: IOError: FDWatcher: bad file descriptor (EBADF)
Stacktrace:
 [1] try_yieldto(undo::typeof(Base.ensure_rescheduled))
   @ Base ./task.jl:812
 [2] wait()
   @ Base ./task.jl:872
 [3] wait(c::Base.GenericCondition{Base.Threads.SpinLock})
   @ Base ./condition.jl:123
 [4] wait(fdw::FileWatching._FDWatcher; readable::Bool, writable::Bool)
   @ FileWatching /software/julia-1.7.3-el8-x86_64/share/julia/stdlib/v1.7/FileWatching/src/FileWatching.jl:533
 [5] wait
   @ /software/julia-1.7.3-el8-x86_64/share/julia/stdlib/v1.7/FileWatching/src/FileWatching.jl:504 [inlined]
 [6] macro expansion
   @ /software/julia-1.7.3-el8-x86_64/share/julia/stdlib/v1.7/Downloads/src/Curl/Multi.jl:166 [inlined]
 [7] (::Downloads.Curl.var"#40#46"{Int32, FileWatching.FDWatcher, Downloads.Curl.Multi})()
   @ Downloads.Curl ./task.jl:429
 Downloading artifact: CUDA
 Downloading artifact: CUDA
UNHANDLED TASK ERROR: IOError: FDWatcher: bad file descriptor (EBADF)
Stacktrace:
 [1] try_yieldto(undo::typeof(Base.ensure_rescheduled))
   @ Base ./task.jl:812
 [2] wait()
   @ Base ./task.jl:872
 [3] wait(c::Base.GenericCondition{Base.Threads.SpinLock})
   @ Base ./condition.jl:123
 [4] wait(fdw::FileWatching._FDWatcher; readable::Bool, writable::Bool)
   @ FileWatching /software/julia-1.7.3-el8-x86_64/share/julia/stdlib/v1.7/FileWatching/src/FileWatching.jl:533
 [5] wait
   @ /software/julia-1.7.3-el8-x86_64/share/julia/stdlib/v1.7/FileWatching/src/FileWatching.jl:504 [inlined]
 [6] macro expansion
   @ /software/julia-1.7.3-el8-x86_64/share/julia/stdlib/v1.7/Downloads/src/Curl/Multi.jl:166 [inlined]
 [7] (::Downloads.Curl.var"#40#46"{Int32, FileWatching.FDWatcher, Downloads.Curl.Multi})()
   @ Downloads.Curl ./task.jl:429
 Downloading artifact: CUDA
 Downloading artifact: CUDA
UNHANDLED TASK ERROR: IOError: FDWatcher: bad file descriptor (EBADF)
Stacktrace:
 [1] try_yieldto(undo::typeof(Base.ensure_rescheduled))
   @ Base ./task.jl:812
 [2] wait()
   @ Base ./task.jl:872
 [3] wait(c::Base.GenericCondition{Base.Threads.SpinLock})
   @ Base ./condition.jl:123
 [4] wait(fdw::FileWatching._FDWatcher; readable::Bool, writable::Bool)
   @ FileWatching /software/julia-1.7.3-el8-x86_64/share/julia/stdlib/v1.7/FileWatching/src/FileWatching.jl:533
 [5] wait
   @ /software/julia-1.7.3-el8-x86_64/share/julia/stdlib/v1.7/FileWatching/src/FileWatching.jl:504 [inlined]
 [6] macro expansion
   @ /software/julia-1.7.3-el8-x86_64/share/julia/stdlib/v1.7/Downloads/src/Curl/Multi.jl:166 [inlined]
 [7] (::Downloads.Curl.var"#40#46"{Int32, FileWatching.FDWatcher, Downloads.Curl.Multi})()
   @ Downloads.Curl ./task.jl:429
 Downloading artifact: CUDA
┌ Warning: Unable to use CUDA from artifacts: Could not find or download a compatible artifact for your platform (x86_64-linux-gnu-libgfortran4-cxx11-libstdcxx29-julia_version+1.7.3).
│ If you think this is in error, please file an issue.
└ @ CUDA.Deps ~/.julia/packages/CUDA/DfvRa/deps/bindeps.jl:84
ERROR: LoadError: UndefVarError: job_id not defined
Stacktrace:
 [1] top-level scope
   @ ~/proteins/newtoymodel/fit_allsamples_T0-4_q=5_L2/best_toy_frac_func_entropy.jl:109
in expression starting at /home/pfields/proteins/newtoymodel/fit_allsamples_T0-4_q=5_L2/best_toy_frac_func_entropy.jl:99
